begin => -1
id => 97
: => -1
array => -1
[ => -1
int => -1
] => -1
; => -1
id => 97
= => -1
{ => -1
intConstant => 49
, => -1
intConstant => 50
, => -1
intConstant => 51
, => -1
intConstant => 52
, => -1
intConstant => 53
, => -1
intConstant => 54
, => -1
intConstant => 55
, => -1
intConstant => 56
, => -1
intConstant => 57
} => -1
; => -1
id => 41
: => -1
int => -1
; => -1
id => 5
: => -1
int => -1
; => -1
for => -1
( => -1
id => 5
= => -1
intConstant => 48
; => -1
id => 5
< => -1
id => 97
. => -1
len => -1
; => -1
id => 5
= => -1
id => 5
intConstant => 92
) => -1
begin => -1
id => 41
= => -1
id => 41
+ => -1
id => 97
[ => -1
id => 5
] => -1
; => -1
end => -1
write => -1
( => -1
id => 41
) => -1
; => -1
end => -1
